Flow report for BCD_cascading_counter
Sun Oct 17 14:25:57 2021
Quartus II 64-Bit Version 13.1.4 Build 182 03/12/2014 SJ Web Edition


---------------------
; Table of Contents ;
---------------------
  1. Legal Notice
  2. Flow Summary
  3. Flow Settings
  4. Flow Non-Default Global Settings
  5. Flow Elapsed Time
  6. Flow OS Summary
  7. Flow Log
  8. Flow Messages
  9. Flow Suppressed Messages



----------------
; Legal Notice ;
----------------
Copyright (C) 1991-2014 Altera Corporation
Your use of Altera Corporation's design tools, logic functions 
and other software and tools, and its AMPP partner logic 
functions, and any output files from any of the foregoing 
(including device programming or simulation files), and any 
associated documentation or information are expressly subject 
to the terms and conditions of the Altera Program License 
Subscription Agreement, Altera MegaCore Function License 
Agreement, or other applicable license agreement, including, 
without limitation, that your use is for the sole purpose of 
programming logic devices manufactured by Altera and sold by 
Altera or its authorized distributors.  Please refer to the 
applicable agreement for further details.



+---------------------------------------------------------------------------------+
; Flow Summary                                                                    ;
+------------------------------------+--------------------------------------------+
; Flow Status                        ; Successful - Sun Oct 17 14:25:57 2021      ;
; Quartus II 64-Bit Version          ; 13.1.4 Build 182 03/12/2014 SJ Web Edition ;
; Revision Name                      ; BCD_cascading_counter                      ;
; Top-level Entity Name              ; BCD_cascading_counting_0_to_99             ;
; Family                             ; Cyclone IV GX                              ;
; Total logic elements               ; 13                                         ;
;     Total combinational functions  ; 13                                         ;
;     Dedicated logic registers      ; 8                                          ;
; Total registers                    ; 8                                          ;
; Total pins                         ; 12                                         ;
; Total virtual pins                 ; 0                                          ;
; Total memory bits                  ; 0                                          ;
; Embedded Multiplier 9-bit elements ; 0                                          ;
; Total GXB Receiver Channel PCS     ; 0                                          ;
; Total GXB Receiver Channel PMA     ; 0                                          ;
; Total GXB Transmitter Channel PCS  ; 0                                          ;
; Total GXB Transmitter Channel PMA  ; 0                                          ;
; Total PLLs                         ; 0                                          ;
+------------------------------------+--------------------------------------------+


+-------------------------------------------+
; Flow Settings                             ;
+-------------------+-----------------------+
; Option            ; Setting               ;
+-------------------+-----------------------+
; Start date & time ; 10/17/2021 14:25:50   ;
; Main task         ; Compilation           ;
; Revision Name     ; BCD_cascading_counter ;
+-------------------+-----------------------+


+------------------------------------------------------------------------------------------------------------------------------------------------------------------------------------+
; Flow Non-Default Global Settings                                                                                                                                                   ;
+-------------------------------------+--------------------------------------------------------------------+-----------------------+--------------------------------+----------------+
; Assignment Name                     ; Value                                                              ; Default Value         ; Entity Name                    ; Section Id     ;
+-------------------------------------+--------------------------------------------------------------------+-----------------------+--------------------------------+----------------+
; COMPILER_SIGNATURE_ID               ; 216182574671779.163445195017892                                    ; --                    ; --                             ; --             ;
; EDA_GENERATE_FUNCTIONAL_NETLIST     ; On                                                                 ; --                    ; --                             ; eda_simulation ;
; EDA_NETLIST_WRITER_OUTPUT_DIR       ; C:/Users/choug/fpgaProjects/BCD_cascading_counter/simulation/qsim/ ; --                    ; --                             ; eda_simulation ;
; EDA_OUTPUT_DATA_FORMAT              ; Verilog Hdl                                                        ; --                    ; --                             ; eda_simulation ;
; EDA_SIMULATION_TOOL                 ; ModelSim-Altera (Verilog)                                          ; <None>                ; --                             ; --             ;
; PARTITION_COLOR                     ; 16764057                                                           ; --                    ; BCD_cascading_counting_0_to_99 ; Top            ;
; PARTITION_FITTER_PRESERVATION_LEVEL ; PLACEMENT_AND_ROUTING                                              ; --                    ; BCD_cascading_counting_0_to_99 ; Top            ;
; PARTITION_NETLIST_TYPE              ; SOURCE                                                             ; --                    ; BCD_cascading_counting_0_to_99 ; Top            ;
; PROJECT_OUTPUT_DIRECTORY            ; output_files                                                       ; --                    ; --                             ; --             ;
; TOP_LEVEL_ENTITY                    ; BCD_cascading_counting_0_to_99                                     ; BCD_cascading_counter ; --                             ; --             ;
+-------------------------------------+--------------------------------------------------------------------+-----------------------+--------------------------------+----------------+


+--------------------------------------------------------------------------------------------------------------------------+
; Flow Elapsed Time                                                                                                        ;
+----------------------+--------------+-------------------------+---------------------+------------------------------------+
; Module Name          ; Elapsed Time ; Average Processors Used ; Peak Virtual Memory ; Total CPU Time (on all processors) ;
+----------------------+--------------+-------------------------+---------------------+------------------------------------+
; Analysis & Synthesis ; 00:00:01     ; 1.0                     ; 4706 MB             ; 00:00:01                           ;
; EDA Netlist Writer   ; 00:00:01     ; 1.0                     ; 4593 MB             ; 00:00:01                           ;
; EDA Netlist Writer   ; 00:00:00     ; 1.0                     ; 4593 MB             ; 00:00:01                           ;
; Total                ; 00:00:02     ; --                      ; --                  ; 00:00:03                           ;
+----------------------+--------------+-------------------------+---------------------+------------------------------------+


+-------------------------------------------------------------------------------------+
; Flow OS Summary                                                                     ;
+----------------------+--------------------+-----------+------------+----------------+
; Module Name          ; Machine Hostname   ; OS Name   ; OS Version ; Processor type ;
+----------------------+--------------------+-----------+------------+----------------+
; Analysis & Synthesis ; Gordon-SurfaceBook ; Windows 7 ; 6.2        ; x86_64         ;
; EDA Netlist Writer   ; Gordon-SurfaceBook ; Windows 7 ; 6.2        ; x86_64         ;
; EDA Netlist Writer   ; Gordon-SurfaceBook ; Windows 7 ; 6.2        ; x86_64         ;
+----------------------+--------------------+-----------+------------+----------------+


------------
; Flow Log ;
------------
quartus_map --read_settings_files=on --write_settings_files=off BCD_cascading_counter -c BCD_cascading_counter
quartus_eda --gen_testbench --check_outputs=on --tool=modelsim_oem --format=verilog BCD_cascading_counter -c BCD_cascading_counter --vector_source=C:/Users/choug/fpgaProjects/BCD_cascading_counter/BCD_cascading_counter_0_to_99_wave1.vwf --testbench_file=C:/Users/choug/fpgaProjects/BCD_cascading_counter/simulation/qsim/BCD_cascading_counter_0_to_99_wave1.vwf.vt
quartus_eda --functional=on --flatten_buses=off --simulation=on --tool=modelsim_oem --format=verilog --output_directory=C:/Users/choug/fpgaProjects/BCD_cascading_counter/simulation/qsim/ BCD_cascading_counter -c BCD_cascading_counter



