Analysis & Synthesis report for slot_machine_four_digit
Thu Jan 13 18:40:08 2022
Quartus II 64-Bit Version 13.1.4 Build 182 03/12/2014 SJ Web Edition


---------------------
; Table of Contents ;
---------------------
  1. Legal Notice
  2. Analysis & Synthesis Summary
  3. Analysis & Synthesis Settings
  4. Parallel Compilation
  5. Analysis & Synthesis Source Files Read
  6. Analysis & Synthesis Resource Usage Summary
  7. Analysis & Synthesis Resource Utilization by Entity
  8. State Machine - |slot_machine_four_digit|current_state
  9. Registers Removed During Synthesis
 10. General Register Statistics
 11. Multiplexer Restructuring Statistics (Restructuring Performed)
 12. Parameter Settings for User Entity Instance: generic_up_down_counter:counter3
 13. Parameter Settings for User Entity Instance: generic_up_down_counter:counter2
 14. Parameter Settings for User Entity Instance: generic_up_down_counter:counter1
 15. Parameter Settings for User Entity Instance: generic_up_down_counter:counter0
 16. Port Connectivity Checks: "dynamic_clk_divider:div3"
 17. Port Connectivity Checks: "dynamic_clk_divider:system_clk_divider"
 18. Elapsed Time Per Partition
 19. Analysis & Synthesis Messages



----------------
; Legal Notice ;
----------------
Copyright (C) 1991-2014 Altera Corporation
Your use of Altera Corporation's design tools, logic functions 
and other software and tools, and its AMPP partner logic 
functions, and any output files from any of the foregoing 
(including device programming or simulation files), and any 
associated documentation or information are expressly subject 
to the terms and conditions of the Altera Program License 
Subscription Agreement, Altera MegaCore Function License 
Agreement, or other applicable license agreement, including, 
without limitation, that your use is for the sole purpose of 
programming logic devices manufactured by Altera and sold by 
Altera or its authorized distributors.  Please refer to the 
applicable agreement for further details.



+---------------------------------------------------------------------------------+
; Analysis & Synthesis Summary                                                    ;
+------------------------------------+--------------------------------------------+
; Analysis & Synthesis Status        ; Successful - Thu Jan 13 18:40:08 2022      ;
; Quartus II 64-Bit Version          ; 13.1.4 Build 182 03/12/2014 SJ Web Edition ;
; Revision Name                      ; slot_machine_four_digit                    ;
; Top-level Entity Name              ; slot_machine_four_digit                    ;
; Family                             ; Cyclone III                                ;
; Total logic elements               ; 481                                        ;
;     Total combinational functions  ; 472                                        ;
;     Dedicated logic registers      ; 158                                        ;
; Total registers                    ; 158                                        ;
; Total pins                         ; 50                                         ;
; Total virtual pins                 ; 0                                          ;
; Total memory bits                  ; 0                                          ;
; Embedded Multiplier 9-bit elements ; 0                                          ;
; Total PLLs                         ; 0                                          ;
+------------------------------------+--------------------------------------------+


+--------------------------------------------------------------------------------------------------------------------------------+
; Analysis & Synthesis Settings                                                                                                  ;
+----------------------------------------------------------------------------+-------------------------+-------------------------+
; Option                                                                     ; Setting                 ; Default Value           ;
+----------------------------------------------------------------------------+-------------------------+-------------------------+
; Device                                                                     ; EP3C16F484C6            ;                         ;
; Top-level entity name                                                      ; slot_machine_four_digit ; slot_machine_four_digit ;
; Family name                                                                ; Cyclone III             ; Cyclone IV GX           ;
; Use smart compilation                                                      ; Off                     ; Off                     ;
; Enable parallel Assembler and TimeQuest Timing Analyzer during compilation ; On                      ; On                      ;
; Enable compact report table                                                ; Off                     ; Off                     ;
; Restructure Multiplexers                                                   ; Auto                    ; Auto                    ;
; Create Debugging Nodes for IP Cores                                        ; Off                     ; Off                     ;
; Preserve fewer node names                                                  ; On                      ; On                      ;
; Disable OpenCore Plus hardware evaluation                                  ; Off                     ; Off                     ;
; Verilog Version                                                            ; Verilog_2001            ; Verilog_2001            ;
; VHDL Version                                                               ; VHDL_1993               ; VHDL_1993               ;
; State Machine Processing                                                   ; Auto                    ; Auto                    ;
; Safe State Machine                                                         ; Off                     ; Off                     ;
; Extract Verilog State Machines                                             ; On                      ; On                      ;
; Extract VHDL State Machines                                                ; On                      ; On                      ;
; Ignore Verilog initial constructs                                          ; Off                     ; Off                     ;
; Iteration limit for constant Verilog loops                                 ; 5000                    ; 5000                    ;
; Iteration limit for non-constant Verilog loops                             ; 250                     ; 250                     ;
; Add Pass-Through Logic to Inferred RAMs                                    ; On                      ; On                      ;
; Infer RAMs from Raw Logic                                                  ; On                      ; On                      ;
; Parallel Synthesis                                                         ; On                      ; On                      ;
; DSP Block Balancing                                                        ; Auto                    ; Auto                    ;
; NOT Gate Push-Back                                                         ; On                      ; On                      ;
; Power-Up Don't Care                                                        ; On                      ; On                      ;
; Remove Redundant Logic Cells                                               ; Off                     ; Off                     ;
; Remove Duplicate Registers                                                 ; On                      ; On                      ;
; Ignore CARRY Buffers                                                       ; Off                     ; Off                     ;
; Ignore CASCADE Buffers                                                     ; Off                     ; Off                     ;
; Ignore GLOBAL Buffers                                                      ; Off                     ; Off                     ;
; Ignore ROW GLOBAL Buffers                                                  ; Off                     ; Off                     ;
; Ignore LCELL Buffers                                                       ; Off                     ; Off                     ;
; Ignore SOFT Buffers                                                        ; On                      ; On                      ;
; Limit AHDL Integers to 32 Bits                                             ; Off                     ; Off                     ;
; Optimization Technique                                                     ; Balanced                ; Balanced                ;
; Carry Chain Length                                                         ; 70                      ; 70                      ;
; Auto Carry Chains                                                          ; On                      ; On                      ;
; Auto Open-Drain Pins                                                       ; On                      ; On                      ;
; Perform WYSIWYG Primitive Resynthesis                                      ; Off                     ; Off                     ;
; Auto ROM Replacement                                                       ; On                      ; On                      ;
; Auto RAM Replacement                                                       ; On                      ; On                      ;
; Auto DSP Block Replacement                                                 ; On                      ; On                      ;
; Auto Shift Register Replacement                                            ; Auto                    ; Auto                    ;
; Allow Shift Register Merging across Hierarchies                            ; Auto                    ; Auto                    ;
; Auto Clock Enable Replacement                                              ; On                      ; On                      ;
; Strict RAM Replacement                                                     ; Off                     ; Off                     ;
; Allow Synchronous Control Signals                                          ; On                      ; On                      ;
; Force Use of Synchronous Clear Signals                                     ; Off                     ; Off                     ;
; Auto RAM Block Balancing                                                   ; On                      ; On                      ;
; Auto RAM to Logic Cell Conversion                                          ; Off                     ; Off                     ;
; Auto Resource Sharing                                                      ; Off                     ; Off                     ;
; Allow Any RAM Size For Recognition                                         ; Off                     ; Off                     ;
; Allow Any ROM Size For Recognition                                         ; Off                     ; Off                     ;
; Allow Any Shift Register Size For Recognition                              ; Off                     ; Off                     ;
; Use LogicLock Constraints during Resource Balancing                        ; On                      ; On                      ;
; Ignore translate_off and synthesis_off directives                          ; Off                     ; Off                     ;
; Timing-Driven Synthesis                                                    ; On                      ; On                      ;
; Report Parameter Settings                                                  ; On                      ; On                      ;
; Report Source Assignments                                                  ; On                      ; On                      ;
; Report Connectivity Checks                                                 ; On                      ; On                      ;
; Ignore Maximum Fan-Out Assignments                                         ; Off                     ; Off                     ;
; Synchronization Register Chain Length                                      ; 2                       ; 2                       ;
; PowerPlay Power Optimization                                               ; Normal compilation      ; Normal compilation      ;
; HDL message level                                                          ; Level2                  ; Level2                  ;
; Suppress Register Optimization Related Messages                            ; Off                     ; Off                     ;
; Number of Removed Registers Reported in Synthesis Report                   ; 5000                    ; 5000                    ;
; Number of Swept Nodes Reported in Synthesis Report                         ; 5000                    ; 5000                    ;
; Number of Inverted Registers Reported in Synthesis Report                  ; 100                     ; 100                     ;
; Clock MUX Protection                                                       ; On                      ; On                      ;
; Auto Gated Clock Conversion                                                ; Off                     ; Off                     ;
; Block Design Naming                                                        ; Auto                    ; Auto                    ;
; SDC constraint protection                                                  ; Off                     ; Off                     ;
; Synthesis Effort                                                           ; Auto                    ; Auto                    ;
; Shift Register Replacement - Allow Asynchronous Clear Signal               ; On                      ; On                      ;
; Pre-Mapping Resynthesis Optimization                                       ; Off                     ; Off                     ;
; Analysis & Synthesis Message Level                                         ; Medium                  ; Medium                  ;
; Disable Register Merging Across Hierarchies                                ; Auto                    ; Auto                    ;
; Resource Aware Inference For Block RAM                                     ; On                      ; On                      ;
; Synthesis Seed                                                             ; 1                       ; 1                       ;
+----------------------------------------------------------------------------+-------------------------+-------------------------+


Parallel compilation was disabled, but you have multiple processors available. Enable parallel compilation to reduce compilation time.
+-------------------------------------+
; Parallel Compilation                ;
+----------------------------+--------+
; Processors                 ; Number ;
+----------------------------+--------+
; Number detected on machine ; 8      ;
; Maximum allowed            ; 1      ;
+----------------------------+--------+


+----------------------------------------------------------------------------------------------------------------------------------------------------------------------------+
; Analysis & Synthesis Source Files Read                                                                                                                                     ;
+----------------------------------+-----------------+-----------------+-------------------------------------------------------------------------------------------+---------+
; File Name with User-Entered Path ; Used in Netlist ; File Type       ; File Name with Absolute Path                                                              ; Library ;
+----------------------------------+-----------------+-----------------+-------------------------------------------------------------------------------------------+---------+
; seven_seg_decoder.vhd            ; yes             ; User VHDL File  ; C:/Users/choug/fpgaProjects/ntou-vhdl/slot_machine_four_digit/seven_seg_decoder.vhd       ;         ;
; dynamic_clk_divider.vhd          ; yes             ; User VHDL File  ; C:/Users/choug/fpgaProjects/ntou-vhdl/slot_machine_four_digit/dynamic_clk_divider.vhd     ;         ;
; slot_machine_four_digit.vhd      ; yes             ; User VHDL File  ; C:/Users/choug/fpgaProjects/ntou-vhdl/slot_machine_four_digit/slot_machine_four_digit.vhd ;         ;
; generic_up_down_counter.vhd      ; yes             ; User VHDL File  ; C:/Users/choug/fpgaProjects/ntou-vhdl/slot_machine_four_digit/generic_up_down_counter.vhd ;         ;
+----------------------------------+-----------------+-----------------+-------------------------------------------------------------------------------------------+---------+


+-----------------------------------------------------------+
; Analysis & Synthesis Resource Usage Summary               ;
+---------------------------------------------+-------------+
; Resource                                    ; Usage       ;
+---------------------------------------------+-------------+
; Estimated Total logic elements              ; 481         ;
;                                             ;             ;
; Total combinational functions               ; 472         ;
; Logic element usage by number of LUT inputs ;             ;
;     -- 4 input functions                    ; 250         ;
;     -- 3 input functions                    ; 75          ;
;     -- <=2 input functions                  ; 147         ;
;                                             ;             ;
; Logic elements by mode                      ;             ;
;     -- normal mode                          ; 347         ;
;     -- arithmetic mode                      ; 125         ;
;                                             ;             ;
; Total registers                             ; 158         ;
;     -- Dedicated logic registers            ; 158         ;
;     -- I/O registers                        ; 0           ;
;                                             ;             ;
; I/O pins                                    ; 50          ;
; Embedded Multiplier 9-bit elements          ; 0           ;
; Maximum fan-out node                        ; reset~input ;
; Maximum fan-out                             ; 158         ;
; Total fan-out                               ; 2170        ;
; Average fan-out                             ; 2.97        ;
+---------------------------------------------+-------------+


+------------------------------------------------------------------------------------------------------------------------------------------------------------------------------------------------------------------------------------------+
; Analysis & Synthesis Resource Utilization by Entity                                                                                                                                                                                      ;
+---------------------------------------------+-------------------+--------------+-------------+--------------+---------+-----------+------+--------------+-----------------------------------------------------------------+--------------+
; Compilation Hierarchy Node                  ; LC Combinationals ; LC Registers ; Memory Bits ; DSP Elements ; DSP 9x9 ; DSP 18x18 ; Pins ; Virtual Pins ; Full Hierarchy Name                                             ; Library Name ;
+---------------------------------------------+-------------------+--------------+-------------+--------------+---------+-----------+------+--------------+-----------------------------------------------------------------+--------------+
; |slot_machine_four_digit                    ; 472 (37)          ; 158 (12)     ; 0           ; 0            ; 0       ; 0         ; 50   ; 0            ; |slot_machine_four_digit                                        ; work         ;
;    |dynamic_clk_divider:div0|               ; 99 (99)           ; 26 (26)      ; 0           ; 0            ; 0       ; 0         ; 0    ; 0            ; |slot_machine_four_digit|dynamic_clk_divider:div0               ; work         ;
;    |dynamic_clk_divider:div1|               ; 88 (88)           ; 26 (26)      ; 0           ; 0            ; 0       ; 0         ; 0    ; 0            ; |slot_machine_four_digit|dynamic_clk_divider:div1               ; work         ;
;    |dynamic_clk_divider:div2|               ; 79 (79)           ; 26 (26)      ; 0           ; 0            ; 0       ; 0         ; 0    ; 0            ; |slot_machine_four_digit|dynamic_clk_divider:div2               ; work         ;
;    |dynamic_clk_divider:div3|               ; 67 (67)           ; 26 (26)      ; 0           ; 0            ; 0       ; 0         ; 0    ; 0            ; |slot_machine_four_digit|dynamic_clk_divider:div3               ; work         ;
;    |dynamic_clk_divider:system_clk_divider| ; 46 (46)           ; 26 (26)      ; 0           ; 0            ; 0       ; 0         ; 0    ; 0            ; |slot_machine_four_digit|dynamic_clk_divider:system_clk_divider ; work         ;
;    |generic_up_down_counter:counter0|       ; 7 (7)             ; 4 (4)        ; 0           ; 0            ; 0       ; 0         ; 0    ; 0            ; |slot_machine_four_digit|generic_up_down_counter:counter0       ; work         ;
;    |generic_up_down_counter:counter1|       ; 7 (7)             ; 4 (4)        ; 0           ; 0            ; 0       ; 0         ; 0    ; 0            ; |slot_machine_four_digit|generic_up_down_counter:counter1       ; work         ;
;    |generic_up_down_counter:counter2|       ; 7 (7)             ; 4 (4)        ; 0           ; 0            ; 0       ; 0         ; 0    ; 0            ; |slot_machine_four_digit|generic_up_down_counter:counter2       ; work         ;
;    |generic_up_down_counter:counter3|       ; 7 (7)             ; 4 (4)        ; 0           ; 0            ; 0       ; 0         ; 0    ; 0            ; |slot_machine_four_digit|generic_up_down_counter:counter3       ; work         ;
;    |seven_seg_decoder:decoder0|             ; 7 (7)             ; 0 (0)        ; 0           ; 0            ; 0       ; 0         ; 0    ; 0            ; |slot_machine_four_digit|seven_seg_decoder:decoder0             ; work         ;
;    |seven_seg_decoder:decoder1|             ; 7 (7)             ; 0 (0)        ; 0           ; 0            ; 0       ; 0         ; 0    ; 0            ; |slot_machine_four_digit|seven_seg_decoder:decoder1             ; work         ;
;    |seven_seg_decoder:decoder2|             ; 7 (7)             ; 0 (0)        ; 0           ; 0            ; 0       ; 0         ; 0    ; 0            ; |slot_machine_four_digit|seven_seg_decoder:decoder2             ; work         ;
;    |seven_seg_decoder:decoder3|             ; 7 (7)             ; 0 (0)        ; 0           ; 0            ; 0       ; 0         ; 0    ; 0            ; |slot_machine_four_digit|seven_seg_decoder:decoder3             ; work         ;
+---------------------------------------------+-------------------+--------------+-------------+--------------+---------+-----------+------+--------------+-----------------------------------------------------------------+--------------+
Note: For table entries with two numbers listed, the numbers in parentheses indicate the number of resources of the given type used by the specific entity alone. The numbers listed outside of parentheses indicate the total resources of the given type used by the specific entity and all of its sub-entities in the hierarchy.


Encoding Type:  One-Hot
+-----------------------------------------------------------------------------------------------------------------------------------------------------------------------------------------------------------------------------------------------------------------------------------------------------------+
; State Machine - |slot_machine_four_digit|current_state                                                                                                                                                                                                                                                    ;
+--------------------------+----------------------+----------------------+----------------------+------------------+------------------+------------------+------------------+------------------+------------------+------------------+------------------+------------------------+--------------------------+
; Name                     ; current_state.finish ; current_state.judge2 ; current_state.judge1 ; current_state.T7 ; current_state.T6 ; current_state.T5 ; current_state.T4 ; current_state.T3 ; current_state.T2 ; current_state.T1 ; current_state.T0 ; current_state.spinning ; current_state.game_ready ;
+--------------------------+----------------------+----------------------+----------------------+------------------+------------------+------------------+------------------+------------------+------------------+------------------+------------------+------------------------+--------------------------+
; current_state.game_ready ; 0                    ; 0                    ; 0                    ; 0                ; 0                ; 0                ; 0                ; 0                ; 0                ; 0                ; 0                ; 0                      ; 0                        ;
; current_state.spinning   ; 0                    ; 0                    ; 0                    ; 0                ; 0                ; 0                ; 0                ; 0                ; 0                ; 0                ; 0                ; 1                      ; 1                        ;
; current_state.T0         ; 0                    ; 0                    ; 0                    ; 0                ; 0                ; 0                ; 0                ; 0                ; 0                ; 0                ; 1                ; 0                      ; 1                        ;
; current_state.T1         ; 0                    ; 0                    ; 0                    ; 0                ; 0                ; 0                ; 0                ; 0                ; 0                ; 1                ; 0                ; 0                      ; 1                        ;
; current_state.T2         ; 0                    ; 0                    ; 0                    ; 0                ; 0                ; 0                ; 0                ; 0                ; 1                ; 0                ; 0                ; 0                      ; 1                        ;
; current_state.T3         ; 0                    ; 0                    ; 0                    ; 0                ; 0                ; 0                ; 0                ; 1                ; 0                ; 0                ; 0                ; 0                      ; 1                        ;
; current_state.T4         ; 0                    ; 0                    ; 0                    ; 0                ; 0                ; 0                ; 1                ; 0                ; 0                ; 0                ; 0                ; 0                      ; 1                        ;
; current_state.T5         ; 0                    ; 0                    ; 0                    ; 0                ; 0                ; 1                ; 0                ; 0                ; 0                ; 0                ; 0                ; 0                      ; 1                        ;
; current_state.T6         ; 0                    ; 0                    ; 0                    ; 0                ; 1                ; 0                ; 0                ; 0                ; 0                ; 0                ; 0                ; 0                      ; 1                        ;
; current_state.T7         ; 0                    ; 0                    ; 0                    ; 1                ; 0                ; 0                ; 0                ; 0                ; 0                ; 0                ; 0                ; 0                      ; 1                        ;
; current_state.judge1     ; 0                    ; 0                    ; 1                    ; 0                ; 0                ; 0                ; 0                ; 0                ; 0                ; 0                ; 0                ; 0                      ; 1                        ;
; current_state.judge2     ; 0                    ; 1                    ; 0                    ; 0                ; 0                ; 0                ; 0                ; 0                ; 0                ; 0                ; 0                ; 0                      ; 1                        ;
; current_state.finish     ; 1                    ; 0                    ; 0                    ; 0                ; 0                ; 0                ; 0                ; 0                ; 0                ; 0                ; 0                ; 0                      ; 1                        ;
+--------------------------+----------------------+----------------------+----------------------+------------------+------------------+------------------+------------------+------------------+------------------+------------------+------------------+------------------------+--------------------------+


+------------------------------------------------------------+
; Registers Removed During Synthesis                         ;
+---------------------------------------+--------------------+
; Register name                         ; Reason for Removal ;
+---------------------------------------+--------------------+
; current_state.finish                  ; Lost fanout        ;
; Total Number of Removed Registers = 1 ;                    ;
+---------------------------------------+--------------------+


+------------------------------------------------------+
; General Register Statistics                          ;
+----------------------------------------------+-------+
; Statistic                                    ; Value ;
+----------------------------------------------+-------+
; Total registers                              ; 158   ;
; Number of registers using Synchronous Clear  ; 104   ;
; Number of registers using Synchronous Load   ; 0     ;
; Number of registers using Asynchronous Clear ; 158   ;
; Number of registers using Asynchronous Load  ; 0     ;
; Number of registers using Clock Enable       ; 0     ;
; Number of registers using Preset             ; 0     ;
+----------------------------------------------+-------+


+-------------------------------------------------------------------------------------------------------------------------------------------------------------------------------------+
; Multiplexer Restructuring Statistics (Restructuring Performed)                                                                                                                      ;
+--------------------+-----------+---------------+----------------------+------------------------+------------+-----------------------------------------------------------------------+
; Multiplexer Inputs ; Bus Width ; Baseline Area ; Area if Restructured ; Saving if Restructured ; Registered ; Example Multiplexer Output                                            ;
+--------------------+-----------+---------------+----------------------+------------------------+------------+-----------------------------------------------------------------------+
; 4:1                ; 3 bits    ; 6 LEs         ; 6 LEs                ; 0 LEs                  ; Yes        ; |slot_machine_four_digit|generic_up_down_counter:counter0|num_out[3]  ;
; 4:1                ; 3 bits    ; 6 LEs         ; 6 LEs                ; 0 LEs                  ; Yes        ; |slot_machine_four_digit|generic_up_down_counter:counter1|num_out[1]  ;
; 4:1                ; 3 bits    ; 6 LEs         ; 6 LEs                ; 0 LEs                  ; Yes        ; |slot_machine_four_digit|generic_up_down_counter:counter2|num_out[3]  ;
; 4:1                ; 3 bits    ; 6 LEs         ; 6 LEs                ; 0 LEs                  ; Yes        ; |slot_machine_four_digit|generic_up_down_counter:counter3|num_out[3]  ;
; 3:1                ; 3 bits    ; 6 LEs         ; 3 LEs                ; 3 LEs                  ; No         ; |slot_machine_four_digit|dynamic_clk_divider:div1|div_upper_bound[15] ;
; 3:1                ; 2 bits    ; 4 LEs         ; 4 LEs                ; 0 LEs                  ; No         ; |slot_machine_four_digit|dynamic_clk_divider:div2|div_upper_bound[11] ;
; 3:1                ; 2 bits    ; 4 LEs         ; 2 LEs                ; 2 LEs                  ; No         ; |slot_machine_four_digit|dynamic_clk_divider:div0|div_upper_bound     ;
; 3:1                ; 2 bits    ; 4 LEs         ; 2 LEs                ; 2 LEs                  ; No         ; |slot_machine_four_digit|dynamic_clk_divider:div1|div_upper_bound     ;
; 3:1                ; 2 bits    ; 4 LEs         ; 2 LEs                ; 2 LEs                  ; No         ; |slot_machine_four_digit|dynamic_clk_divider:div2|div_upper_bound     ;
; 3:1                ; 2 bits    ; 4 LEs         ; 2 LEs                ; 2 LEs                  ; No         ; |slot_machine_four_digit|dynamic_clk_divider:div3|div_upper_bound     ;
; 3:1                ; 8 bits    ; 16 LEs        ; 16 LEs               ; 0 LEs                  ; No         ; |slot_machine_four_digit|dynamic_clk_divider:div3|div_upper_bound     ;
; 3:1                ; 2 bits    ; 4 LEs         ; 2 LEs                ; 2 LEs                  ; No         ; |slot_machine_four_digit|dynamic_clk_divider:div0|div_upper_bound[20] ;
; 4:1                ; 2 bits    ; 4 LEs         ; 4 LEs                ; 0 LEs                  ; No         ; |slot_machine_four_digit|dynamic_clk_divider:div0|div_upper_bound[4]  ;
; 4:1                ; 2 bits    ; 4 LEs         ; 4 LEs                ; 0 LEs                  ; No         ; |slot_machine_four_digit|dynamic_clk_divider:div1|div_upper_bound[2]  ;
; 4:1                ; 2 bits    ; 4 LEs         ; 4 LEs                ; 0 LEs                  ; No         ; |slot_machine_four_digit|dynamic_clk_divider:div2|div_upper_bound[2]  ;
; 16:1               ; 3 bits    ; 30 LEs        ; 12 LEs               ; 18 LEs                 ; No         ; |slot_machine_four_digit|dynamic_clk_divider:div0|div_upper_bound[16] ;
; 16:1               ; 3 bits    ; 30 LEs        ; 12 LEs               ; 18 LEs                 ; No         ; |slot_machine_four_digit|dynamic_clk_divider:div1|div_upper_bound[14] ;
; 16:1               ; 3 bits    ; 30 LEs        ; 12 LEs               ; 18 LEs                 ; No         ; |slot_machine_four_digit|dynamic_clk_divider:div2|div_upper_bound[21] ;
; 16:1               ; 3 bits    ; 30 LEs        ; 12 LEs               ; 18 LEs                 ; No         ; |slot_machine_four_digit|dynamic_clk_divider:div2|div_upper_bound[16] ;
; 4:1                ; 8 bits    ; 16 LEs        ; 16 LEs               ; 0 LEs                  ; No         ; |slot_machine_four_digit|dynamic_clk_divider:div3|div_upper_bound     ;
; 5:1                ; 2 bits    ; 6 LEs         ; 6 LEs                ; 0 LEs                  ; No         ; |slot_machine_four_digit|dynamic_clk_divider:div0|div_upper_bound[3]  ;
; 5:1                ; 2 bits    ; 6 LEs         ; 6 LEs                ; 0 LEs                  ; No         ; |slot_machine_four_digit|dynamic_clk_divider:div1|div_upper_bound[3]  ;
; 5:1                ; 2 bits    ; 6 LEs         ; 6 LEs                ; 0 LEs                  ; No         ; |slot_machine_four_digit|dynamic_clk_divider:div2|div_upper_bound[3]  ;
; 32:1               ; 3 bits    ; 63 LEs        ; 12 LEs               ; 51 LEs                 ; No         ; |slot_machine_four_digit|dynamic_clk_divider:div0|div_upper_bound[10] ;
; 32:1               ; 3 bits    ; 63 LEs        ; 12 LEs               ; 51 LEs                 ; No         ; |slot_machine_four_digit|dynamic_clk_divider:div1|div_upper_bound[10] ;
; 7:1                ; 2 bits    ; 8 LEs         ; 4 LEs                ; 4 LEs                  ; No         ; |slot_machine_four_digit|dynamic_clk_divider:div1|div_upper_bound[18] ;
+--------------------+-----------+---------------+----------------------+------------------------+------------+-----------------------------------------------------------------------+


+-------------------------------------------------------------------------------+
; Parameter Settings for User Entity Instance: generic_up_down_counter:counter3 ;
+----------------+-------+------------------------------------------------------+
; Parameter Name ; Value ; Type                                                 ;
+----------------+-------+------------------------------------------------------+
; limit          ; 1     ; Signed Integer                                       ;
+----------------+-------+------------------------------------------------------+
Note: In order to hide this table in the UI and the text report file, please set the "Show Parameter Settings in Synthesis Report" option in "Analysis and Synthesis Settings -> More Settings" to "Off".


+-------------------------------------------------------------------------------+
; Parameter Settings for User Entity Instance: generic_up_down_counter:counter2 ;
+----------------+-------+------------------------------------------------------+
; Parameter Name ; Value ; Type                                                 ;
+----------------+-------+------------------------------------------------------+
; limit          ; 1     ; Signed Integer                                       ;
+----------------+-------+------------------------------------------------------+
Note: In order to hide this table in the UI and the text report file, please set the "Show Parameter Settings in Synthesis Report" option in "Analysis and Synthesis Settings -> More Settings" to "Off".


+-------------------------------------------------------------------------------+
; Parameter Settings for User Entity Instance: generic_up_down_counter:counter1 ;
+----------------+-------+------------------------------------------------------+
; Parameter Name ; Value ; Type                                                 ;
+----------------+-------+------------------------------------------------------+
; limit          ; 1     ; Signed Integer                                       ;
+----------------+-------+------------------------------------------------------+
Note: In order to hide this table in the UI and the text report file, please set the "Show Parameter Settings in Synthesis Report" option in "Analysis and Synthesis Settings -> More Settings" to "Off".


+-------------------------------------------------------------------------------+
; Parameter Settings for User Entity Instance: generic_up_down_counter:counter0 ;
+----------------+-------+------------------------------------------------------+
; Parameter Name ; Value ; Type                                                 ;
+----------------+-------+------------------------------------------------------+
; limit          ; 1     ; Signed Integer                                       ;
+----------------+-------+------------------------------------------------------+
Note: In order to hide this table in the UI and the text report file, please set the "Show Parameter Settings in Synthesis Report" option in "Analysis and Synthesis Settings -> More Settings" to "Off".


+------------------------------------------------------+
; Port Connectivity Checks: "dynamic_clk_divider:div3" ;
+--------------+-------+----------+--------------------+
; Port         ; Type  ; Severity ; Details            ;
+--------------+-------+----------+--------------------+
; hz_select[3] ; Input ; Info     ; Stuck at GND       ;
+--------------+-------+----------+--------------------+


+--------------------------------------------------------------------+
; Port Connectivity Checks: "dynamic_clk_divider:system_clk_divider" ;
+-----------------+-------+----------+-------------------------------+
; Port            ; Type  ; Severity ; Details                       ;
+-----------------+-------+----------+-------------------------------+
; hz_select[3..1] ; Input ; Info     ; Stuck at GND                  ;
; hz_select[0]    ; Input ; Info     ; Stuck at VCC                  ;
+-----------------+-------+----------+-------------------------------+


+-------------------------------+
; Elapsed Time Per Partition    ;
+----------------+--------------+
; Partition Name ; Elapsed Time ;
+----------------+--------------+
; Top            ; 00:00:02     ;
+----------------+--------------+


+-------------------------------+
; Analysis & Synthesis Messages ;
+-------------------------------+
Info: *******************************************************************
Info: Running Quartus II 64-Bit Analysis & Synthesis
    Info: Version 13.1.4 Build 182 03/12/2014 SJ Web Edition
    Info: Processing started: Thu Jan 13 18:40:05 2022
Info: Command: quartus_map --read_settings_files=on --write_settings_files=off slot_machine_four_digit -c slot_machine_four_digit
Warning (20028): Parallel compilation is not licensed and has been disabled
Info (12021): Found 2 design units, including 1 entities, in source file seven_seg_decoder.vhd
    Info (12022): Found design unit 1: seven_seg_decoder-decoder
    Info (12023): Found entity 1: seven_seg_decoder
Info (12021): Found 2 design units, including 1 entities, in source file dynamic_clk_divider.vhd
    Info (12022): Found design unit 1: dynamic_clk_divider-divider
    Info (12023): Found entity 1: dynamic_clk_divider
Info (12021): Found 2 design units, including 1 entities, in source file slot_machine_four_digit.vhd
    Info (12022): Found design unit 1: slot_machine_four_digit-machine
    Info (12023): Found entity 1: slot_machine_four_digit
Info (12021): Found 2 design units, including 1 entities, in source file generic_up_down_counter.vhd
    Info (12022): Found design unit 1: generic_up_down_counter-counter
    Info (12023): Found entity 1: generic_up_down_counter
Info (12127): Elaborating entity "slot_machine_four_digit" for the top level hierarchy
Warning (10492): VHDL Process Statement warning at slot_machine_four_digit.vhd(161): signal "counter_HEX3" is read inside the Process Statement but isn't in the Process Statement's sensitivity list
Warning (10492): VHDL Process Statement warning at slot_machine_four_digit.vhd(161): signal "counter_HEX2" is read inside the Process Statement but isn't in the Process Statement's sensitivity list
Warning (10492): VHDL Process Statement warning at slot_machine_four_digit.vhd(161): signal "counter_HEX1" is read inside the Process Statement but isn't in the Process Statement's sensitivity list
Warning (10492): VHDL Process Statement warning at slot_machine_four_digit.vhd(161): signal "counter_HEX0" is read inside the Process Statement but isn't in the Process Statement's sensitivity list
Warning (10492): VHDL Process Statement warning at slot_machine_four_digit.vhd(162): signal "clk_1Hz" is read inside the Process Statement but isn't in the Process Statement's sensitivity list
Warning (10492): VHDL Process Statement warning at slot_machine_four_digit.vhd(163): signal "counter_HEX3" is read inside the Process Statement but isn't in the Process Statement's sensitivity list
Warning (10492): VHDL Process Statement warning at slot_machine_four_digit.vhd(163): signal "counter_HEX2" is read inside the Process Statement but isn't in the Process Statement's sensitivity list
Warning (10492): VHDL Process Statement warning at slot_machine_four_digit.vhd(163): signal "counter_HEX1" is read inside the Process Statement but isn't in the Process Statement's sensitivity list
Warning (10492): VHDL Process Statement warning at slot_machine_four_digit.vhd(164): signal "clk_1Hz" is read inside the Process Statement but isn't in the Process Statement's sensitivity list
Warning (10492): VHDL Process Statement warning at slot_machine_four_digit.vhd(165): signal "counter_HEX3" is read inside the Process Statement but isn't in the Process Statement's sensitivity list
Warning (10492): VHDL Process Statement warning at slot_machine_four_digit.vhd(165): signal "counter_HEX2" is read inside the Process Statement but isn't in the Process Statement's sensitivity list
Warning (10492): VHDL Process Statement warning at slot_machine_four_digit.vhd(165): signal "counter_HEX0" is read inside the Process Statement but isn't in the Process Statement's sensitivity list
Warning (10492): VHDL Process Statement warning at slot_machine_four_digit.vhd(166): signal "clk_1Hz" is read inside the Process Statement but isn't in the Process Statement's sensitivity list
Warning (10492): VHDL Process Statement warning at slot_machine_four_digit.vhd(167): signal "counter_HEX3" is read inside the Process Statement but isn't in the Process Statement's sensitivity list
Warning (10492): VHDL Process Statement warning at slot_machine_four_digit.vhd(167): signal "counter_HEX1" is read inside the Process Statement but isn't in the Process Statement's sensitivity list
Warning (10492): VHDL Process Statement warning at slot_machine_four_digit.vhd(167): signal "counter_HEX0" is read inside the Process Statement but isn't in the Process Statement's sensitivity list
Warning (10492): VHDL Process Statement warning at slot_machine_four_digit.vhd(168): signal "clk_1Hz" is read inside the Process Statement but isn't in the Process Statement's sensitivity list
Warning (10492): VHDL Process Statement warning at slot_machine_four_digit.vhd(169): signal "counter_HEX2" is read inside the Process Statement but isn't in the Process Statement's sensitivity list
Warning (10492): VHDL Process Statement warning at slot_machine_four_digit.vhd(169): signal "counter_HEX1" is read inside the Process Statement but isn't in the Process Statement's sensitivity list
Warning (10492): VHDL Process Statement warning at slot_machine_four_digit.vhd(169): signal "counter_HEX0" is read inside the Process Statement but isn't in the Process Statement's sensitivity list
Warning (10492): VHDL Process Statement warning at slot_machine_four_digit.vhd(170): signal "clk_1Hz" is read inside the Process Statement but isn't in the Process Statement's sensitivity list
Warning (10492): VHDL Process Statement warning at slot_machine_four_digit.vhd(171): signal "counter_HEX3" is read inside the Process Statement but isn't in the Process Statement's sensitivity list
Warning (10492): VHDL Process Statement warning at slot_machine_four_digit.vhd(171): signal "counter_HEX2" is read inside the Process Statement but isn't in the Process Statement's sensitivity list
Warning (10492): VHDL Process Statement warning at slot_machine_four_digit.vhd(171): signal "counter_HEX1" is read inside the Process Statement but isn't in the Process Statement's sensitivity list
Warning (10492): VHDL Process Statement warning at slot_machine_four_digit.vhd(171): signal "counter_HEX0" is read inside the Process Statement but isn't in the Process Statement's sensitivity list
Warning (10492): VHDL Process Statement warning at slot_machine_four_digit.vhd(172): signal "clk_1Hz" is read inside the Process Statement but isn't in the Process Statement's sensitivity list
Warning (10492): VHDL Process Statement warning at slot_machine_four_digit.vhd(173): signal "counter_HEX2" is read inside the Process Statement but isn't in the Process Statement's sensitivity list
Warning (10492): VHDL Process Statement warning at slot_machine_four_digit.vhd(173): signal "counter_HEX1" is read inside the Process Statement but isn't in the Process Statement's sensitivity list
Warning (10492): VHDL Process Statement warning at slot_machine_four_digit.vhd(173): signal "counter_HEX0" is read inside the Process Statement but isn't in the Process Statement's sensitivity list
Warning (10492): VHDL Process Statement warning at slot_machine_four_digit.vhd(174): signal "clk_1Hz" is read inside the Process Statement but isn't in the Process Statement's sensitivity list
Warning (10492): VHDL Process Statement warning at slot_machine_four_digit.vhd(175): signal "counter_HEX1" is read inside the Process Statement but isn't in the Process Statement's sensitivity list
Warning (10492): VHDL Process Statement warning at slot_machine_four_digit.vhd(175): signal "counter_HEX0" is read inside the Process Statement but isn't in the Process Statement's sensitivity list
Warning (10492): VHDL Process Statement warning at slot_machine_four_digit.vhd(176): signal "clk_1Hz" is read inside the Process Statement but isn't in the Process Statement's sensitivity list
Warning (10492): VHDL Process Statement warning at slot_machine_four_digit.vhd(180): signal "counter_HEX3" is read inside the Process Statement but isn't in the Process Statement's sensitivity list
Warning (10492): VHDL Process Statement warning at slot_machine_four_digit.vhd(180): signal "counter_HEX2" is read inside the Process Statement but isn't in the Process Statement's sensitivity list
Warning (10492): VHDL Process Statement warning at slot_machine_four_digit.vhd(180): signal "counter_HEX1" is read inside the Process Statement but isn't in the Process Statement's sensitivity list
Warning (10492): VHDL Process Statement warning at slot_machine_four_digit.vhd(180): signal "counter_HEX0" is read inside the Process Statement but isn't in the Process Statement's sensitivity list
Warning (10492): VHDL Process Statement warning at slot_machine_four_digit.vhd(181): signal "clk_1Hz" is read inside the Process Statement but isn't in the Process Statement's sensitivity list
Warning (10492): VHDL Process Statement warning at slot_machine_four_digit.vhd(182): signal "counter_HEX3" is read inside the Process Statement but isn't in the Process Statement's sensitivity list
Warning (10492): VHDL Process Statement warning at slot_machine_four_digit.vhd(182): signal "counter_HEX2" is read inside the Process Statement but isn't in the Process Statement's sensitivity list
Warning (10492): VHDL Process Statement warning at slot_machine_four_digit.vhd(182): signal "counter_HEX1" is read inside the Process Statement but isn't in the Process Statement's sensitivity list
Warning (10492): VHDL Process Statement warning at slot_machine_four_digit.vhd(183): signal "clk_1Hz" is read inside the Process Statement but isn't in the Process Statement's sensitivity list
Warning (10492): VHDL Process Statement warning at slot_machine_four_digit.vhd(184): signal "counter_HEX3" is read inside the Process Statement but isn't in the Process Statement's sensitivity list
Warning (10492): VHDL Process Statement warning at slot_machine_four_digit.vhd(184): signal "counter_HEX2" is read inside the Process Statement but isn't in the Process Statement's sensitivity list
Warning (10492): VHDL Process Statement warning at slot_machine_four_digit.vhd(184): signal "counter_HEX0" is read inside the Process Statement but isn't in the Process Statement's sensitivity list
Warning (10492): VHDL Process Statement warning at slot_machine_four_digit.vhd(185): signal "clk_1Hz" is read inside the Process Statement but isn't in the Process Statement's sensitivity list
Warning (10492): VHDL Process Statement warning at slot_machine_four_digit.vhd(186): signal "counter_HEX3" is read inside the Process Statement but isn't in the Process Statement's sensitivity list
Warning (10492): VHDL Process Statement warning at slot_machine_four_digit.vhd(186): signal "counter_HEX1" is read inside the Process Statement but isn't in the Process Statement's sensitivity list
Warning (10492): VHDL Process Statement warning at slot_machine_four_digit.vhd(186): signal "counter_HEX0" is read inside the Process Statement but isn't in the Process Statement's sensitivity list
Warning (10492): VHDL Process Statement warning at slot_machine_four_digit.vhd(187): signal "clk_1Hz" is read inside the Process Statement but isn't in the Process Statement's sensitivity list
Warning (10492): VHDL Process Statement warning at slot_machine_four_digit.vhd(188): signal "counter_HEX2" is read inside the Process Statement but isn't in the Process Statement's sensitivity list
Warning (10492): VHDL Process Statement warning at slot_machine_four_digit.vhd(188): signal "counter_HEX1" is read inside the Process Statement but isn't in the Process Statement's sensitivity list
Warning (10492): VHDL Process Statement warning at slot_machine_four_digit.vhd(188): signal "counter_HEX0" is read inside the Process Statement but isn't in the Process Statement's sensitivity list
Warning (10492): VHDL Process Statement warning at slot_machine_four_digit.vhd(189): signal "clk_1Hz" is read inside the Process Statement but isn't in the Process Statement's sensitivity list
Warning (10492): VHDL Process Statement warning at slot_machine_four_digit.vhd(190): signal "counter_HEX3" is read inside the Process Statement but isn't in the Process Statement's sensitivity list
Warning (10492): VHDL Process Statement warning at slot_machine_four_digit.vhd(190): signal "counter_HEX2" is read inside the Process Statement but isn't in the Process Statement's sensitivity list
Warning (10492): VHDL Process Statement warning at slot_machine_four_digit.vhd(190): signal "counter_HEX1" is read inside the Process Statement but isn't in the Process Statement's sensitivity list
Warning (10492): VHDL Process Statement warning at slot_machine_four_digit.vhd(190): signal "counter_HEX0" is read inside the Process Statement but isn't in the Process Statement's sensitivity list
Warning (10492): VHDL Process Statement warning at slot_machine_four_digit.vhd(191): signal "clk_1Hz" is read inside the Process Statement but isn't in the Process Statement's sensitivity list
Warning (10492): VHDL Process Statement warning at slot_machine_four_digit.vhd(192): signal "counter_HEX2" is read inside the Process Statement but isn't in the Process Statement's sensitivity list
Warning (10492): VHDL Process Statement warning at slot_machine_four_digit.vhd(192): signal "counter_HEX1" is read inside the Process Statement but isn't in the Process Statement's sensitivity list
Warning (10492): VHDL Process Statement warning at slot_machine_four_digit.vhd(192): signal "counter_HEX0" is read inside the Process Statement but isn't in the Process Statement's sensitivity list
Warning (10492): VHDL Process Statement warning at slot_machine_four_digit.vhd(193): signal "clk_1Hz" is read inside the Process Statement but isn't in the Process Statement's sensitivity list
Warning (10492): VHDL Process Statement warning at slot_machine_four_digit.vhd(194): signal "counter_HEX1" is read inside the Process Statement but isn't in the Process Statement's sensitivity list
Warning (10492): VHDL Process Statement warning at slot_machine_four_digit.vhd(194): signal "counter_HEX0" is read inside the Process Statement but isn't in the Process Statement's sensitivity list
Warning (10492): VHDL Process Statement warning at slot_machine_four_digit.vhd(195): signal "clk_1Hz" is read inside the Process Statement but isn't in the Process Statement's sensitivity list
Info (12128): Elaborating entity "dynamic_clk_divider" for hierarchy "dynamic_clk_divider:system_clk_divider"
Info (12128): Elaborating entity "generic_up_down_counter" for hierarchy "generic_up_down_counter:counter3"
Info (12128): Elaborating entity "seven_seg_decoder" for hierarchy "seven_seg_decoder:decoder3"
Warning (19016): Clock multiplexers are found and protected
    Warning (19017): Found clock multiplexer dynamic_clk_divider:div0|divided_clk
    Warning (19017): Found clock multiplexer dynamic_clk_divider:div0|divided_clk~0
    Warning (19017): Found clock multiplexer dynamic_clk_divider:div0|divided_clk~1
    Warning (19017): Found clock multiplexer dynamic_clk_divider:div0|divided_clk~2
    Warning (19017): Found clock multiplexer dynamic_clk_divider:div0|divided_clk~3
    Warning (19017): Found clock multiplexer dynamic_clk_divider:div0|divided_clk~4
    Warning (19017): Found clock multiplexer dynamic_clk_divider:div0|divided_clk~5
    Warning (19017): Found clock multiplexer dynamic_clk_divider:div0|divided_clk~6
    Warning (19017): Found clock multiplexer dynamic_clk_divider:div0|divided_clk~7
    Warning (19017): Found clock multiplexer dynamic_clk_divider:div0|divided_clk~8
    Warning (19017): Found clock multiplexer dynamic_clk_divider:div1|divided_clk
    Warning (19017): Found clock multiplexer dynamic_clk_divider:div1|divided_clk~0
    Warning (19017): Found clock multiplexer dynamic_clk_divider:div1|divided_clk~1
    Warning (19017): Found clock multiplexer dynamic_clk_divider:div1|divided_clk~2
    Warning (19017): Found clock multiplexer dynamic_clk_divider:div1|divided_clk~3
    Warning (19017): Found clock multiplexer dynamic_clk_divider:div1|divided_clk~4
    Warning (19017): Found clock multiplexer dynamic_clk_divider:div1|divided_clk~5
    Warning (19017): Found clock multiplexer dynamic_clk_divider:div1|divided_clk~6
    Warning (19017): Found clock multiplexer dynamic_clk_divider:div1|divided_clk~7
    Warning (19017): Found clock multiplexer dynamic_clk_divider:div1|divided_clk~8
    Warning (19017): Found clock multiplexer dynamic_clk_divider:div2|divided_clk
    Warning (19017): Found clock multiplexer dynamic_clk_divider:div2|divided_clk~0
    Warning (19017): Found clock multiplexer dynamic_clk_divider:div2|divided_clk~1
    Warning (19017): Found clock multiplexer dynamic_clk_divider:div2|divided_clk~2
    Warning (19017): Found clock multiplexer dynamic_clk_divider:div2|divided_clk~3
    Warning (19017): Found clock multiplexer dynamic_clk_divider:div2|divided_clk~4
    Warning (19017): Found clock multiplexer dynamic_clk_divider:div2|divided_clk~5
    Warning (19017): Found clock multiplexer dynamic_clk_divider:div2|divided_clk~6
    Warning (19017): Found clock multiplexer dynamic_clk_divider:div2|divided_clk~7
    Warning (19017): Found clock multiplexer dynamic_clk_divider:div2|divided_clk~8
    Warning (19017): Found clock multiplexer dynamic_clk_divider:div3|divided_clk~0
    Warning (19017): Found clock multiplexer dynamic_clk_divider:div3|divided_clk~1
    Warning (19017): Found clock multiplexer dynamic_clk_divider:div3|divided_clk~2
    Warning (19017): Found clock multiplexer dynamic_clk_divider:div3|divided_clk~3
    Warning (19017): Found clock multiplexer dynamic_clk_divider:div3|divided_clk~4
    Warning (19017): Found clock multiplexer dynamic_clk_divider:div3|divided_clk~5
    Warning (19017): Found clock multiplexer dynamic_clk_divider:div3|divided_clk~6
Warning (13024): Output pins are stuck at VCC or GND
    Warning (13410): Pin "HEX0[7]" is stuck at VCC
    Warning (13410): Pin "HEX1[7]" is stuck at VCC
    Warning (13410): Pin "HEX2[7]" is stuck at VCC
    Warning (13410): Pin "HEX3[7]" is stuck at VCC
    Warning (13410): Pin "LED[0]" is stuck at GND
    Warning (13410): Pin "LED[1]" is stuck at GND
    Warning (13410): Pin "LED[2]" is stuck at GND
    Warning (13410): Pin "LED[3]" is stuck at GND
    Warning (13410): Pin "LED[4]" is stuck at GND
    Warning (13410): Pin "LED[5]" is stuck at GND
Info (286030): Timing-Driven Synthesis is running
Info (17049): 1 registers lost all their fanouts during netlist optimizations.
Info (16010): Generating hard_block partition "hard_block:auto_generated_inst"
    Info (16011): Adding 0 node(s), including 0 DDIO, 0 PLL, 0 transceiver and 0 LCELL
Info (21057): Implemented 531 device resources after synthesis - the final resource count might be different
    Info (21058): Implemented 8 input pins
    Info (21059): Implemented 42 output pins
    Info (21061): Implemented 481 logic cells
Info: Quartus II 64-Bit Analysis & Synthesis was successful. 0 errors, 116 warnings
    Info: Peak virtual memory: 4666 megabytes
    Info: Processing ended: Thu Jan 13 18:40:08 2022
    Info: Elapsed time: 00:00:03
    Info: Total CPU time (on all processors): 00:00:04


