Analysis & Synthesis report for ping_pong_single_board
Thu Dec 30 19:02:49 2021
Quartus II 64-Bit Version 13.1.4 Build 182 03/12/2014 SJ Web Edition


---------------------
; Table of Contents ;
---------------------
  1. Legal Notice
  2. Analysis & Synthesis Summary
  3. Analysis & Synthesis Settings
  4. Parallel Compilation
  5. Analysis & Synthesis Source Files Read
  6. Analysis & Synthesis Resource Usage Summary
  7. Analysis & Synthesis Resource Utilization by Entity
  8. State Machine - |ping_pong_single_board|current_state
  9. General Register Statistics
 10. Port Connectivity Checks: "seven_seg_decoder:decoder1"
 11. Port Connectivity Checks: "seven_seg_decoder:decoder2"
 12. Elapsed Time Per Partition
 13. Analysis & Synthesis Messages



----------------
; Legal Notice ;
----------------
Copyright (C) 1991-2014 Altera Corporation
Your use of Altera Corporation's design tools, logic functions 
and other software and tools, and its AMPP partner logic 
functions, and any output files from any of the foregoing 
(including device programming or simulation files), and any 
associated documentation or information are expressly subject 
to the terms and conditions of the Altera Program License 
Subscription Agreement, Altera MegaCore Function License 
Agreement, or other applicable license agreement, including, 
without limitation, that your use is for the sole purpose of 
programming logic devices manufactured by Altera and sold by 
Altera or its authorized distributors.  Please refer to the 
applicable agreement for further details.



+---------------------------------------------------------------------------------+
; Analysis & Synthesis Summary                                                    ;
+------------------------------------+--------------------------------------------+
; Analysis & Synthesis Status        ; Successful - Thu Dec 30 19:02:49 2021      ;
; Quartus II 64-Bit Version          ; 13.1.4 Build 182 03/12/2014 SJ Web Edition ;
; Revision Name                      ; ping_pong_single_board                     ;
; Top-level Entity Name              ; ping_pong_single_board                     ;
; Family                             ; Cyclone III                                ;
; Total logic elements               ; 108                                        ;
;     Total combinational functions  ; 108                                        ;
;     Dedicated logic registers      ; 56                                         ;
; Total registers                    ; 56                                         ;
; Total pins                         ; 46                                         ;
; Total virtual pins                 ; 0                                          ;
; Total memory bits                  ; 0                                          ;
; Embedded Multiplier 9-bit elements ; 0                                          ;
; Total PLLs                         ; 0                                          ;
+------------------------------------+--------------------------------------------+


+------------------------------------------------------------------------------------------------------------------------------+
; Analysis & Synthesis Settings                                                                                                ;
+----------------------------------------------------------------------------+------------------------+------------------------+
; Option                                                                     ; Setting                ; Default Value          ;
+----------------------------------------------------------------------------+------------------------+------------------------+
; Device                                                                     ; EP3C16F484C6           ;                        ;
; Top-level entity name                                                      ; ping_pong_single_board ; ping_pong_single_board ;
; Family name                                                                ; Cyclone III            ; Cyclone IV GX          ;
; Use smart compilation                                                      ; Off                    ; Off                    ;
; Enable parallel Assembler and TimeQuest Timing Analyzer during compilation ; On                     ; On                     ;
; Enable compact report table                                                ; Off                    ; Off                    ;
; Restructure Multiplexers                                                   ; Auto                   ; Auto                   ;
; Create Debugging Nodes for IP Cores                                        ; Off                    ; Off                    ;
; Preserve fewer node names                                                  ; On                     ; On                     ;
; Disable OpenCore Plus hardware evaluation                                  ; Off                    ; Off                    ;
; Verilog Version                                                            ; Verilog_2001           ; Verilog_2001           ;
; VHDL Version                                                               ; VHDL_1993              ; VHDL_1993              ;
; State Machine Processing                                                   ; Auto                   ; Auto                   ;
; Safe State Machine                                                         ; Off                    ; Off                    ;
; Extract Verilog State Machines                                             ; On                     ; On                     ;
; Extract VHDL State Machines                                                ; On                     ; On                     ;
; Ignore Verilog initial constructs                                          ; Off                    ; Off                    ;
; Iteration limit for constant Verilog loops                                 ; 5000                   ; 5000                   ;
; Iteration limit for non-constant Verilog loops                             ; 250                    ; 250                    ;
; Add Pass-Through Logic to Inferred RAMs                                    ; On                     ; On                     ;
; Infer RAMs from Raw Logic                                                  ; On                     ; On                     ;
; Parallel Synthesis                                                         ; On                     ; On                     ;
; DSP Block Balancing                                                        ; Auto                   ; Auto                   ;
; NOT Gate Push-Back                                                         ; On                     ; On                     ;
; Power-Up Don't Care                                                        ; On                     ; On                     ;
; Remove Redundant Logic Cells                                               ; Off                    ; Off                    ;
; Remove Duplicate Registers                                                 ; On                     ; On                     ;
; Ignore CARRY Buffers                                                       ; Off                    ; Off                    ;
; Ignore CASCADE Buffers                                                     ; Off                    ; Off                    ;
; Ignore GLOBAL Buffers                                                      ; Off                    ; Off                    ;
; Ignore ROW GLOBAL Buffers                                                  ; Off                    ; Off                    ;
; Ignore LCELL Buffers                                                       ; Off                    ; Off                    ;
; Ignore SOFT Buffers                                                        ; On                     ; On                     ;
; Limit AHDL Integers to 32 Bits                                             ; Off                    ; Off                    ;
; Optimization Technique                                                     ; Balanced               ; Balanced               ;
; Carry Chain Length                                                         ; 70                     ; 70                     ;
; Auto Carry Chains                                                          ; On                     ; On                     ;
; Auto Open-Drain Pins                                                       ; On                     ; On                     ;
; Perform WYSIWYG Primitive Resynthesis                                      ; Off                    ; Off                    ;
; Auto ROM Replacement                                                       ; On                     ; On                     ;
; Auto RAM Replacement                                                       ; On                     ; On                     ;
; Auto DSP Block Replacement                                                 ; On                     ; On                     ;
; Auto Shift Register Replacement                                            ; Auto                   ; Auto                   ;
; Allow Shift Register Merging across Hierarchies                            ; Auto                   ; Auto                   ;
; Auto Clock Enable Replacement                                              ; On                     ; On                     ;
; Strict RAM Replacement                                                     ; Off                    ; Off                    ;
; Allow Synchronous Control Signals                                          ; On                     ; On                     ;
; Force Use of Synchronous Clear Signals                                     ; Off                    ; Off                    ;
; Auto RAM Block Balancing                                                   ; On                     ; On                     ;
; Auto RAM to Logic Cell Conversion                                          ; Off                    ; Off                    ;
; Auto Resource Sharing                                                      ; Off                    ; Off                    ;
; Allow Any RAM Size For Recognition                                         ; Off                    ; Off                    ;
; Allow Any ROM Size For Recognition                                         ; Off                    ; Off                    ;
; Allow Any Shift Register Size For Recognition                              ; Off                    ; Off                    ;
; Use LogicLock Constraints during Resource Balancing                        ; On                     ; On                     ;
; Ignore translate_off and synthesis_off directives                          ; Off                    ; Off                    ;
; Timing-Driven Synthesis                                                    ; On                     ; On                     ;
; Report Parameter Settings                                                  ; On                     ; On                     ;
; Report Source Assignments                                                  ; On                     ; On                     ;
; Report Connectivity Checks                                                 ; On                     ; On                     ;
; Ignore Maximum Fan-Out Assignments                                         ; Off                    ; Off                    ;
; Synchronization Register Chain Length                                      ; 2                      ; 2                      ;
; PowerPlay Power Optimization                                               ; Normal compilation     ; Normal compilation     ;
; HDL message level                                                          ; Level2                 ; Level2                 ;
; Suppress Register Optimization Related Messages                            ; Off                    ; Off                    ;
; Number of Removed Registers Reported in Synthesis Report                   ; 5000                   ; 5000                   ;
; Number of Swept Nodes Reported in Synthesis Report                         ; 5000                   ; 5000                   ;
; Number of Inverted Registers Reported in Synthesis Report                  ; 100                    ; 100                    ;
; Clock MUX Protection                                                       ; On                     ; On                     ;
; Auto Gated Clock Conversion                                                ; Off                    ; Off                    ;
; Block Design Naming                                                        ; Auto                   ; Auto                   ;
; SDC constraint protection                                                  ; Off                    ; Off                    ;
; Synthesis Effort                                                           ; Auto                   ; Auto                   ;
; Shift Register Replacement - Allow Asynchronous Clear Signal               ; On                     ; On                     ;
; Pre-Mapping Resynthesis Optimization                                       ; Off                    ; Off                    ;
; Analysis & Synthesis Message Level                                         ; Medium                 ; Medium                 ;
; Disable Register Merging Across Hierarchies                                ; Auto                   ; Auto                   ;
; Resource Aware Inference For Block RAM                                     ; On                     ; On                     ;
; Synthesis Seed                                                             ; 1                      ; 1                      ;
+----------------------------------------------------------------------------+------------------------+------------------------+


Parallel compilation was disabled, but you have multiple processors available. Enable parallel compilation to reduce compilation time.
+-------------------------------------+
; Parallel Compilation                ;
+----------------------------+--------+
; Processors                 ; Number ;
+----------------------------+--------+
; Number detected on machine ; 8      ;
; Maximum allowed            ; 1      ;
+----------------------------+--------+


+--------------------------------------------------------------------------------------------------------------------------------------------------------------------------+
; Analysis & Synthesis Source Files Read                                                                                                                                   ;
+----------------------------------+-----------------+-----------------+-----------------------------------------------------------------------------------------+---------+
; File Name with User-Entered Path ; Used in Netlist ; File Type       ; File Name with Absolute Path                                                            ; Library ;
+----------------------------------+-----------------+-----------------+-----------------------------------------------------------------------------------------+---------+
; seven_seg_decoder.vhd            ; yes             ; User VHDL File  ; C:/Users/choug/fpgaProjects/ntou-vhdl/ping_pong_single_board/seven_seg_decoder.vhd      ;         ;
; ping_pong_single_board.vhd       ; yes             ; User VHDL File  ; C:/Users/choug/fpgaProjects/ntou-vhdl/ping_pong_single_board/ping_pong_single_board.vhd ;         ;
+----------------------------------+-----------------+-----------------+-----------------------------------------------------------------------------------------+---------+


+-------------------------------------------------------------------+
; Analysis & Synthesis Resource Usage Summary                       ;
+---------------------------------------------+---------------------+
; Resource                                    ; Usage               ;
+---------------------------------------------+---------------------+
; Estimated Total logic elements              ; 108                 ;
;                                             ;                     ;
; Total combinational functions               ; 108                 ;
; Logic element usage by number of LUT inputs ;                     ;
;     -- 4 input functions                    ; 48                  ;
;     -- 3 input functions                    ; 31                  ;
;     -- <=2 input functions                  ; 29                  ;
;                                             ;                     ;
; Logic elements by mode                      ;                     ;
;     -- normal mode                          ; 85                  ;
;     -- arithmetic mode                      ; 23                  ;
;                                             ;                     ;
; Total registers                             ; 56                  ;
;     -- Dedicated logic registers            ; 56                  ;
;     -- I/O registers                        ; 0                   ;
;                                             ;                     ;
; I/O pins                                    ; 46                  ;
; Embedded Multiplier 9-bit elements          ; 0                   ;
; Maximum fan-out node                        ; clk_div_counter[23] ;
; Maximum fan-out                             ; 34                  ;
; Total fan-out                               ; 558                 ;
; Average fan-out                             ; 2.18                ;
+---------------------------------------------+---------------------+


+-----------------------------------------------------------------------------------------------------------------------------------------------------------------------------------------------------------------+
; Analysis & Synthesis Resource Utilization by Entity                                                                                                                                                             ;
+---------------------------------+-------------------+--------------+-------------+--------------+---------+-----------+------+--------------+----------------------------------------------------+--------------+
; Compilation Hierarchy Node      ; LC Combinationals ; LC Registers ; Memory Bits ; DSP Elements ; DSP 9x9 ; DSP 18x18 ; Pins ; Virtual Pins ; Full Hierarchy Name                                ; Library Name ;
+---------------------------------+-------------------+--------------+-------------+--------------+---------+-----------+------+--------------+----------------------------------------------------+--------------+
; |ping_pong_single_board         ; 108 (92)          ; 56 (56)      ; 0           ; 0            ; 0       ; 0         ; 46   ; 0            ; |ping_pong_single_board                            ; work         ;
;    |seven_seg_decoder:decoder0| ; 8 (8)             ; 0 (0)        ; 0           ; 0            ; 0       ; 0         ; 0    ; 0            ; |ping_pong_single_board|seven_seg_decoder:decoder0 ; work         ;
;    |seven_seg_decoder:decoder3| ; 8 (8)             ; 0 (0)        ; 0           ; 0            ; 0       ; 0         ; 0    ; 0            ; |ping_pong_single_board|seven_seg_decoder:decoder3 ; work         ;
+---------------------------------+-------------------+--------------+-------------+--------------+---------+-----------+------+--------------+----------------------------------------------------+--------------+
Note: For table entries with two numbers listed, the numbers in parentheses indicate the number of resources of the given type used by the specific entity alone. The numbers listed outside of parentheses indicate the total resources of the given type used by the specific entity and all of its sub-entities in the hierarchy.


Encoding Type:  One-Hot
+----------------------------------------------------------------------------------------------------------------------------------------------------------------------------------------------------------------------------------------------------------------------------------------------------------------------------------------------------------------------------------------------------------------------------------------------------------------------------------------------------------------------------------------------------------+
; State Machine - |ping_pong_single_board|current_state                                                                                                                                                                                                                                                                                                                                                                                                                                                                                                    ;
+--------------------------+--------------------------+-------------------+-------------------+-------------------+-------------------+-------------------+-------------------+-------------------+-------------------+-------------------+----------------------+--------------------------+-------------------+-------------------+-------------------+-------------------+-------------------+-------------------+-------------------+-------------------+-------------------+----------------------+------------------------+--------------------------+
; Name                     ; current_state.A_hit_turn ; current_state.BA8 ; current_state.BA7 ; current_state.BA6 ; current_state.BA5 ; current_state.BA4 ; current_state.BA3 ; current_state.BA2 ; current_state.BA1 ; current_state.BA0 ; current_state.B_wait ; current_state.B_hit_turn ; current_state.AB8 ; current_state.AB7 ; current_state.AB6 ; current_state.AB5 ; current_state.AB4 ; current_state.AB3 ; current_state.AB2 ; current_state.AB1 ; current_state.AB0 ; current_state.A_wait ; current_state.finished ; current_state.game_ready ;
+--------------------------+--------------------------+-------------------+-------------------+-------------------+-------------------+-------------------+-------------------+-------------------+-------------------+-------------------+----------------------+--------------------------+-------------------+-------------------+-------------------+-------------------+-------------------+-------------------+-------------------+-------------------+-------------------+----------------------+------------------------+--------------------------+
; current_state.game_ready ; 0                        ; 0                 ; 0                 ; 0                 ; 0                 ; 0                 ; 0                 ; 0                 ; 0                 ; 0                 ; 0                    ; 0                        ; 0                 ; 0                 ; 0                 ; 0                 ; 0                 ; 0                 ; 0                 ; 0                 ; 0                 ; 0                    ; 0                      ; 0                        ;
; current_state.finished   ; 0                        ; 0                 ; 0                 ; 0                 ; 0                 ; 0                 ; 0                 ; 0                 ; 0                 ; 0                 ; 0                    ; 0                        ; 0                 ; 0                 ; 0                 ; 0                 ; 0                 ; 0                 ; 0                 ; 0                 ; 0                 ; 0                    ; 1                      ; 1                        ;
; current_state.A_wait     ; 0                        ; 0                 ; 0                 ; 0                 ; 0                 ; 0                 ; 0                 ; 0                 ; 0                 ; 0                 ; 0                    ; 0                        ; 0                 ; 0                 ; 0                 ; 0                 ; 0                 ; 0                 ; 0                 ; 0                 ; 0                 ; 1                    ; 0                      ; 1                        ;
; current_state.AB0        ; 0                        ; 0                 ; 0                 ; 0                 ; 0                 ; 0                 ; 0                 ; 0                 ; 0                 ; 0                 ; 0                    ; 0                        ; 0                 ; 0                 ; 0                 ; 0                 ; 0                 ; 0                 ; 0                 ; 0                 ; 1                 ; 0                    ; 0                      ; 1                        ;
; current_state.AB1        ; 0                        ; 0                 ; 0                 ; 0                 ; 0                 ; 0                 ; 0                 ; 0                 ; 0                 ; 0                 ; 0                    ; 0                        ; 0                 ; 0                 ; 0                 ; 0                 ; 0                 ; 0                 ; 0                 ; 1                 ; 0                 ; 0                    ; 0                      ; 1                        ;
; current_state.AB2        ; 0                        ; 0                 ; 0                 ; 0                 ; 0                 ; 0                 ; 0                 ; 0                 ; 0                 ; 0                 ; 0                    ; 0                        ; 0                 ; 0                 ; 0                 ; 0                 ; 0                 ; 0                 ; 1                 ; 0                 ; 0                 ; 0                    ; 0                      ; 1                        ;
; current_state.AB3        ; 0                        ; 0                 ; 0                 ; 0                 ; 0                 ; 0                 ; 0                 ; 0                 ; 0                 ; 0                 ; 0                    ; 0                        ; 0                 ; 0                 ; 0                 ; 0                 ; 0                 ; 1                 ; 0                 ; 0                 ; 0                 ; 0                    ; 0                      ; 1                        ;
; current_state.AB4        ; 0                        ; 0                 ; 0                 ; 0                 ; 0                 ; 0                 ; 0                 ; 0                 ; 0                 ; 0                 ; 0                    ; 0                        ; 0                 ; 0                 ; 0                 ; 0                 ; 1                 ; 0                 ; 0                 ; 0                 ; 0                 ; 0                    ; 0                      ; 1                        ;
; current_state.AB5        ; 0                        ; 0                 ; 0                 ; 0                 ; 0                 ; 0                 ; 0                 ; 0                 ; 0                 ; 0                 ; 0                    ; 0                        ; 0                 ; 0                 ; 0                 ; 1                 ; 0                 ; 0                 ; 0                 ; 0                 ; 0                 ; 0                    ; 0                      ; 1                        ;
; current_state.AB6        ; 0                        ; 0                 ; 0                 ; 0                 ; 0                 ; 0                 ; 0                 ; 0                 ; 0                 ; 0                 ; 0                    ; 0                        ; 0                 ; 0                 ; 1                 ; 0                 ; 0                 ; 0                 ; 0                 ; 0                 ; 0                 ; 0                    ; 0                      ; 1                        ;
; current_state.AB7        ; 0                        ; 0                 ; 0                 ; 0                 ; 0                 ; 0                 ; 0                 ; 0                 ; 0                 ; 0                 ; 0                    ; 0                        ; 0                 ; 1                 ; 0                 ; 0                 ; 0                 ; 0                 ; 0                 ; 0                 ; 0                 ; 0                    ; 0                      ; 1                        ;
; current_state.AB8        ; 0                        ; 0                 ; 0                 ; 0                 ; 0                 ; 0                 ; 0                 ; 0                 ; 0                 ; 0                 ; 0                    ; 0                        ; 1                 ; 0                 ; 0                 ; 0                 ; 0                 ; 0                 ; 0                 ; 0                 ; 0                 ; 0                    ; 0                      ; 1                        ;
; current_state.B_hit_turn ; 0                        ; 0                 ; 0                 ; 0                 ; 0                 ; 0                 ; 0                 ; 0                 ; 0                 ; 0                 ; 0                    ; 1                        ; 0                 ; 0                 ; 0                 ; 0                 ; 0                 ; 0                 ; 0                 ; 0                 ; 0                 ; 0                    ; 0                      ; 1                        ;
; current_state.B_wait     ; 0                        ; 0                 ; 0                 ; 0                 ; 0                 ; 0                 ; 0                 ; 0                 ; 0                 ; 0                 ; 1                    ; 0                        ; 0                 ; 0                 ; 0                 ; 0                 ; 0                 ; 0                 ; 0                 ; 0                 ; 0                 ; 0                    ; 0                      ; 1                        ;
; current_state.BA0        ; 0                        ; 0                 ; 0                 ; 0                 ; 0                 ; 0                 ; 0                 ; 0                 ; 0                 ; 1                 ; 0                    ; 0                        ; 0                 ; 0                 ; 0                 ; 0                 ; 0                 ; 0                 ; 0                 ; 0                 ; 0                 ; 0                    ; 0                      ; 1                        ;
; current_state.BA1        ; 0                        ; 0                 ; 0                 ; 0                 ; 0                 ; 0                 ; 0                 ; 0                 ; 1                 ; 0                 ; 0                    ; 0                        ; 0                 ; 0                 ; 0                 ; 0                 ; 0                 ; 0                 ; 0                 ; 0                 ; 0                 ; 0                    ; 0                      ; 1                        ;
; current_state.BA2        ; 0                        ; 0                 ; 0                 ; 0                 ; 0                 ; 0                 ; 0                 ; 1                 ; 0                 ; 0                 ; 0                    ; 0                        ; 0                 ; 0                 ; 0                 ; 0                 ; 0                 ; 0                 ; 0                 ; 0                 ; 0                 ; 0                    ; 0                      ; 1                        ;
; current_state.BA3        ; 0                        ; 0                 ; 0                 ; 0                 ; 0                 ; 0                 ; 1                 ; 0                 ; 0                 ; 0                 ; 0                    ; 0                        ; 0                 ; 0                 ; 0                 ; 0                 ; 0                 ; 0                 ; 0                 ; 0                 ; 0                 ; 0                    ; 0                      ; 1                        ;
; current_state.BA4        ; 0                        ; 0                 ; 0                 ; 0                 ; 0                 ; 1                 ; 0                 ; 0                 ; 0                 ; 0                 ; 0                    ; 0                        ; 0                 ; 0                 ; 0                 ; 0                 ; 0                 ; 0                 ; 0                 ; 0                 ; 0                 ; 0                    ; 0                      ; 1                        ;
; current_state.BA5        ; 0                        ; 0                 ; 0                 ; 0                 ; 1                 ; 0                 ; 0                 ; 0                 ; 0                 ; 0                 ; 0                    ; 0                        ; 0                 ; 0                 ; 0                 ; 0                 ; 0                 ; 0                 ; 0                 ; 0                 ; 0                 ; 0                    ; 0                      ; 1                        ;
; current_state.BA6        ; 0                        ; 0                 ; 0                 ; 1                 ; 0                 ; 0                 ; 0                 ; 0                 ; 0                 ; 0                 ; 0                    ; 0                        ; 0                 ; 0                 ; 0                 ; 0                 ; 0                 ; 0                 ; 0                 ; 0                 ; 0                 ; 0                    ; 0                      ; 1                        ;
; current_state.BA7        ; 0                        ; 0                 ; 1                 ; 0                 ; 0                 ; 0                 ; 0                 ; 0                 ; 0                 ; 0                 ; 0                    ; 0                        ; 0                 ; 0                 ; 0                 ; 0                 ; 0                 ; 0                 ; 0                 ; 0                 ; 0                 ; 0                    ; 0                      ; 1                        ;
; current_state.BA8        ; 0                        ; 1                 ; 0                 ; 0                 ; 0                 ; 0                 ; 0                 ; 0                 ; 0                 ; 0                 ; 0                    ; 0                        ; 0                 ; 0                 ; 0                 ; 0                 ; 0                 ; 0                 ; 0                 ; 0                 ; 0                 ; 0                    ; 0                      ; 1                        ;
; current_state.A_hit_turn ; 1                        ; 0                 ; 0                 ; 0                 ; 0                 ; 0                 ; 0                 ; 0                 ; 0                 ; 0                 ; 0                    ; 0                        ; 0                 ; 0                 ; 0                 ; 0                 ; 0                 ; 0                 ; 0                 ; 0                 ; 0                 ; 0                    ; 0                      ; 1                        ;
+--------------------------+--------------------------+-------------------+-------------------+-------------------+-------------------+-------------------+-------------------+-------------------+-------------------+-------------------+----------------------+--------------------------+-------------------+-------------------+-------------------+-------------------+-------------------+-------------------+-------------------+-------------------+-------------------+----------------------+------------------------+--------------------------+


+------------------------------------------------------+
; General Register Statistics                          ;
+----------------------------------------------+-------+
; Statistic                                    ; Value ;
+----------------------------------------------+-------+
; Total registers                              ; 56    ;
; Number of registers using Synchronous Clear  ; 0     ;
; Number of registers using Synchronous Load   ; 0     ;
; Number of registers using Asynchronous Clear ; 32    ;
; Number of registers using Asynchronous Load  ; 0     ;
; Number of registers using Clock Enable       ; 4     ;
; Number of registers using Preset             ; 0     ;
+----------------------------------------------+-------+


+--------------------------------------------------------+
; Port Connectivity Checks: "seven_seg_decoder:decoder1" ;
+------+-------+----------+------------------------------+
; Port ; Type  ; Severity ; Details                      ;
+------+-------+----------+------------------------------+
; num  ; Input ; Info     ; Stuck at GND                 ;
+------+-------+----------+------------------------------+


+--------------------------------------------------------+
; Port Connectivity Checks: "seven_seg_decoder:decoder2" ;
+------+-------+----------+------------------------------+
; Port ; Type  ; Severity ; Details                      ;
+------+-------+----------+------------------------------+
; num  ; Input ; Info     ; Stuck at GND                 ;
+------+-------+----------+------------------------------+


+-------------------------------+
; Elapsed Time Per Partition    ;
+----------------+--------------+
; Partition Name ; Elapsed Time ;
+----------------+--------------+
; Top            ; 00:00:00     ;
+----------------+--------------+


+-------------------------------+
; Analysis & Synthesis Messages ;
+-------------------------------+
Info: *******************************************************************
Info: Running Quartus II 64-Bit Analysis & Synthesis
    Info: Version 13.1.4 Build 182 03/12/2014 SJ Web Edition
    Info: Processing started: Thu Dec 30 19:02:48 2021
Info: Command: quartus_map --read_settings_files=on --write_settings_files=off ping_pong_single_board -c ping_pong_single_board
Warning (20028): Parallel compilation is not licensed and has been disabled
Info (12021): Found 2 design units, including 1 entities, in source file seven_seg_decoder.vhd
    Info (12022): Found design unit 1: seven_seg_decoder-decoder
    Info (12023): Found entity 1: seven_seg_decoder
Info (12021): Found 2 design units, including 1 entities, in source file ping_pong_single_board.vhd
    Info (12022): Found design unit 1: ping_pong_single_board-ping_pong
    Info (12023): Found entity 1: ping_pong_single_board
Info (12127): Elaborating entity "ping_pong_single_board" for the top level hierarchy
Info (12128): Elaborating entity "seven_seg_decoder" for hierarchy "seven_seg_decoder:decoder3"
Warning (13024): Output pins are stuck at VCC or GND
    Warning (13410): Pin "HEX0[7]" is stuck at VCC
    Warning (13410): Pin "HEX1[0]" is stuck at GND
    Warning (13410): Pin "HEX1[1]" is stuck at GND
    Warning (13410): Pin "HEX1[2]" is stuck at GND
    Warning (13410): Pin "HEX1[3]" is stuck at GND
    Warning (13410): Pin "HEX1[4]" is stuck at GND
    Warning (13410): Pin "HEX1[5]" is stuck at GND
    Warning (13410): Pin "HEX1[6]" is stuck at VCC
    Warning (13410): Pin "HEX1[7]" is stuck at VCC
    Warning (13410): Pin "HEX2[0]" is stuck at GND
    Warning (13410): Pin "HEX2[1]" is stuck at GND
    Warning (13410): Pin "HEX2[2]" is stuck at GND
    Warning (13410): Pin "HEX2[3]" is stuck at GND
    Warning (13410): Pin "HEX2[4]" is stuck at GND
    Warning (13410): Pin "HEX2[5]" is stuck at GND
    Warning (13410): Pin "HEX2[6]" is stuck at VCC
    Warning (13410): Pin "HEX2[7]" is stuck at VCC
    Warning (13410): Pin "HEX3[7]" is stuck at VCC
Info (286030): Timing-Driven Synthesis is running
Info (16010): Generating hard_block partition "hard_block:auto_generated_inst"
    Info (16011): Adding 0 node(s), including 0 DDIO, 0 PLL, 0 transceiver and 0 LCELL
Info (21057): Implemented 154 device resources after synthesis - the final resource count might be different
    Info (21058): Implemented 4 input pins
    Info (21059): Implemented 42 output pins
    Info (21061): Implemented 108 logic cells
Info: Quartus II 64-Bit Analysis & Synthesis was successful. 0 errors, 20 warnings
    Info: Peak virtual memory: 4663 megabytes
    Info: Processing ended: Thu Dec 30 19:02:49 2021
    Info: Elapsed time: 00:00:01
    Info: Total CPU time (on all processors): 00:00:02


