Flow report for ping_pong_double_board
Thu Jan 06 17:07:42 2022
Quartus II 64-Bit Version 13.1.4 Build 182 03/12/2014 SJ Web Edition


---------------------
; Table of Contents ;
---------------------
  1. Legal Notice
  2. Flow Summary
  3. Flow Settings
  4. Flow Non-Default Global Settings
  5. Flow Elapsed Time
  6. Flow OS Summary
  7. Flow Log
  8. Flow Messages
  9. Flow Suppressed Messages



----------------
; Legal Notice ;
----------------
Copyright (C) 1991-2014 Altera Corporation
Your use of Altera Corporation's design tools, logic functions 
and other software and tools, and its AMPP partner logic 
functions, and any output files from any of the foregoing 
(including device programming or simulation files), and any 
associated documentation or information are expressly subject 
to the terms and conditions of the Altera Program License 
Subscription Agreement, Altera MegaCore Function License 
Agreement, or other applicable license agreement, including, 
without limitation, that your use is for the sole purpose of 
programming logic devices manufactured by Altera and sold by 
Altera or its authorized distributors.  Please refer to the 
applicable agreement for further details.



+---------------------------------------------------------------------------------+
; Flow Summary                                                                    ;
+------------------------------------+--------------------------------------------+
; Flow Status                        ; Successful - Thu Jan 06 17:07:42 2022      ;
; Quartus II 64-Bit Version          ; 13.1.4 Build 182 03/12/2014 SJ Web Edition ;
; Revision Name                      ; ping_pong_double_board                     ;
; Top-level Entity Name              ; ping_pong_double_board_master              ;
; Family                             ; Cyclone III                                ;
; Device                             ; EP3C16F484C6                               ;
; Timing Models                      ; Final                                      ;
; Total logic elements               ; 139 / 15,408 ( < 1 % )                     ;
;     Total combinational functions  ; 139 / 15,408 ( < 1 % )                     ;
;     Dedicated logic registers      ; 76 / 15,408 ( < 1 % )                      ;
; Total registers                    ; 76                                         ;
; Total pins                         ; 30 / 347 ( 9 % )                           ;
; Total virtual pins                 ; 0                                          ;
; Total memory bits                  ; 0 / 516,096 ( 0 % )                        ;
; Embedded Multiplier 9-bit elements ; 0 / 112 ( 0 % )                            ;
; Total PLLs                         ; 0 / 4 ( 0 % )                              ;
+------------------------------------+--------------------------------------------+


+--------------------------------------------+
; Flow Settings                              ;
+-------------------+------------------------+
; Option            ; Setting                ;
+-------------------+------------------------+
; Start date & time ; 01/06/2022 17:07:16    ;
; Main task         ; Compilation            ;
; Revision Name     ; ping_pong_double_board ;
+-------------------+------------------------+


+-------------------------------------------------------------------------------------------------------------------------------------------------+
; Flow Non-Default Global Settings                                                                                                                ;
+-------------------------------------+---------------------------------+------------------------+-------------------------------+----------------+
; Assignment Name                     ; Value                           ; Default Value          ; Entity Name                   ; Section Id     ;
+-------------------------------------+---------------------------------+------------------------+-------------------------------+----------------+
; COMPILER_SIGNATURE_ID               ; 216182574671779.164146003512776 ; --                     ; --                            ; --             ;
; EDA_OUTPUT_DATA_FORMAT              ; Vhdl                            ; --                     ; --                            ; eda_simulation ;
; EDA_SIMULATION_TOOL                 ; ModelSim-Altera (VHDL)          ; <None>                 ; --                            ; --             ;
; MAX_CORE_JUNCTION_TEMP              ; 85                              ; --                     ; --                            ; --             ;
; MIN_CORE_JUNCTION_TEMP              ; 0                               ; --                     ; --                            ; --             ;
; NOMINAL_CORE_SUPPLY_VOLTAGE         ; 1.2V                            ; --                     ; --                            ; --             ;
; PARTITION_COLOR                     ; 16764057                        ; --                     ; ping_pong_double_board_master ; Top            ;
; PARTITION_FITTER_PRESERVATION_LEVEL ; PLACEMENT_AND_ROUTING           ; --                     ; ping_pong_double_board_master ; Top            ;
; PARTITION_NETLIST_TYPE              ; SOURCE                          ; --                     ; ping_pong_double_board_master ; Top            ;
; PROJECT_OUTPUT_DIRECTORY            ; output_files                    ; --                     ; --                            ; --             ;
; TOP_LEVEL_ENTITY                    ; ping_pong_double_board_master   ; ping_pong_double_board ; --                            ; --             ;
+-------------------------------------+---------------------------------+------------------------+-------------------------------+----------------+


+-------------------------------------------------------------------------------------------------------------------------------+
; Flow Elapsed Time                                                                                                             ;
+---------------------------+--------------+-------------------------+---------------------+------------------------------------+
; Module Name               ; Elapsed Time ; Average Processors Used ; Peak Virtual Memory ; Total CPU Time (on all processors) ;
+---------------------------+--------------+-------------------------+---------------------+------------------------------------+
; Analysis & Synthesis      ; 00:00:02     ; 1.0                     ; 4652 MB             ; 00:00:02                           ;
; Fitter                    ; 00:00:10     ; 1.0                     ; 4959 MB             ; 00:00:09                           ;
; Assembler                 ; 00:00:02     ; 1.0                     ; 4574 MB             ; 00:00:02                           ;
; TimeQuest Timing Analyzer ; 00:00:03     ; 1.0                     ; 4619 MB             ; 00:00:03                           ;
; EDA Netlist Writer        ; 00:00:02     ; 1.0                     ; 4536 MB             ; 00:00:01                           ;
; Total                     ; 00:00:19     ; --                      ; --                  ; 00:00:17                           ;
+---------------------------+--------------+-------------------------+---------------------+------------------------------------+


+------------------------------------------------------------------------------------------+
; Flow OS Summary                                                                          ;
+---------------------------+--------------------+-----------+------------+----------------+
; Module Name               ; Machine Hostname   ; OS Name   ; OS Version ; Processor type ;
+---------------------------+--------------------+-----------+------------+----------------+
; Analysis & Synthesis      ; Gordon-SurfaceBook ; Windows 7 ; 6.2        ; x86_64         ;
; Fitter                    ; Gordon-SurfaceBook ; Windows 7 ; 6.2        ; x86_64         ;
; Assembler                 ; Gordon-SurfaceBook ; Windows 7 ; 6.2        ; x86_64         ;
; TimeQuest Timing Analyzer ; Gordon-SurfaceBook ; Windows 7 ; 6.2        ; x86_64         ;
; EDA Netlist Writer        ; Gordon-SurfaceBook ; Windows 7 ; 6.2        ; x86_64         ;
+---------------------------+--------------------+-----------+------------+----------------+


------------
; Flow Log ;
------------
quartus_map --read_settings_files=on --write_settings_files=off ping_pong_double_board -c ping_pong_double_board
quartus_fit --read_settings_files=off --write_settings_files=off ping_pong_double_board -c ping_pong_double_board
quartus_asm --read_settings_files=off --write_settings_files=off ping_pong_double_board -c ping_pong_double_board
quartus_sta ping_pong_double_board -c ping_pong_double_board
quartus_eda --read_settings_files=off --write_settings_files=off ping_pong_double_board -c ping_pong_double_board



